<?xml version="1.0" encoding="UTF-8"?>
<!-- Generated by org.testng.reporters.JUnitReportReporter -->
<testsuite name="com.technocredits.Assignment14.testscripts.PIM_AddEmployeeTest" tests="1" time="134.044" ignored="0" failures="0" timestamp="06 Mar 2022 07:48:22 GMT" skipped="0" hostname="DESKTOP-BOVULBM" errors="0">
  <testcase name="verifyAddEmployeeTest" time="134.044" classname="com.technocredits.Assignment14.testscripts.PIM_AddEmployeeTest"/>
</testsuite> <!-- com.technocredits.Assignment14.testscripts.PIM_AddEmployeeTest -->
