<?xml version="1.0" encoding="UTF-8"?>
<!-- Generated by org.testng.reporters.JUnitReportReporter -->
<testsuite name="com.technocredits.orghrm.testscripts.DashboardTest" tests="1" time="34.482" ignored="0" failures="0" timestamp="09 Feb 2022 12:13:03 GMT" skipped="0" hostname="DESKTOP-BOVULBM" errors="0">
  <testcase name="verifyWidgetsTest" time="34.482" classname="com.technocredits.orghrm.testscripts.DashboardTest"/>
</testsuite> <!-- com.technocredits.orghrm.testscripts.DashboardTest -->
