<?xml version="1.0" encoding="UTF-8"?>
<!-- Generated by org.testng.reporters.JUnitReportReporter -->
<testsuite name="technocredits.actionsClassExamples.DragAndDropExample" tests="1" time="28.891" ignored="0" failures="0" timestamp="09 Mar 2022 15:16:40 GMT" skipped="0" hostname="DESKTOP-BOVULBM" errors="0">
  <testcase name="m1" time="28.891" classname="technocredits.actionsClassExamples.DragAndDropExample"/>
</testsuite> <!-- technocredits.actionsClassExamples.DragAndDropExample -->
