<?xml version="1.0" encoding="UTF-8"?>
<!-- Generated by org.testng.reporters.JUnitReportReporter -->
<testsuite name="excelFileReading.ExcelOperation" tests="1" time="3.845" ignored="0" failures="0" timestamp="06 Mar 2022 08:25:33 GMT" skipped="0" hostname="DESKTOP-BOVULBM" errors="0">
  <testcase name="readExcelFile" time="3.845" classname="excelFileReading.ExcelOperation"/>
</testsuite> <!-- excelFileReading.ExcelOperation -->
