<?xml version="1.0" encoding="UTF-8"?>
<!-- Generated by org.testng.reporters.JUnitReportReporter -->
<testsuite name="excelFileReading.DataProviderExample" tests="6" time="0.026" ignored="0" failures="0" timestamp="06 Mar 2022 15:59:56 GMT" skipped="0" hostname="DESKTOP-BOVULBM" errors="0">
  <testcase name="m1" time="0.002" classname="excelFileReading.DataProviderExample"/>
  <testcase name="m1" time="0.002" classname="excelFileReading.DataProviderExample"/>
  <testcase name="m1" time="0.005" classname="excelFileReading.DataProviderExample"/>
  <testcase name="m1" time="0.003" classname="excelFileReading.DataProviderExample"/>
  <testcase name="m1" time="0.012" classname="excelFileReading.DataProviderExample"/>
  <testcase name="m1" time="0.002" classname="excelFileReading.DataProviderExample"/>
</testsuite> <!-- excelFileReading.DataProviderExample -->
