<?xml version="1.0" encoding="UTF-8"?>
<!-- Generated by org.testng.reporters.JUnitReportReporter -->
<testsuite name="technocredits.actionsClassExamples.DoubleClickExample" tests="1" time="14.514" ignored="0" failures="0" timestamp="09 Mar 2022 15:18:17 GMT" skipped="0" hostname="DESKTOP-BOVULBM" errors="0">
  <testcase name="m1" time="14.514" classname="technocredits.actionsClassExamples.DoubleClickExample"/>
</testsuite> <!-- technocredits.actionsClassExamples.DoubleClickExample -->
