<?xml version="1.0" encoding="UTF-8"?>
<!-- Generated by org.testng.reporters.JUnitReportReporter -->
<testsuite name="missingLinks.MissingLink" tests="1" time="13.425" ignored="0" failures="0" timestamp="09 Mar 2022 13:36:16 GMT" skipped="0" hostname="DESKTOP-BOVULBM" errors="0">
  <testcase name="missingLink" time="13.425" classname="missingLinks.MissingLink"/>
</testsuite> <!-- missingLinks.MissingLink -->
