<?xml version="1.0" encoding="UTF-8"?>
<!-- Generated by org.testng.reporters.JUnitReportReporter -->
<testsuite name="technocredits.actionsClassExamples.ClickUsingActions" tests="1" time="37.670" ignored="0" failures="0" timestamp="09 Mar 2022 16:21:30 GMT" skipped="0" hostname="DESKTOP-BOVULBM" errors="0">
  <testcase name="m1" time="37.670" classname="technocredits.actionsClassExamples.ClickUsingActions"/>
</testsuite> <!-- technocredits.actionsClassExamples.ClickUsingActions -->
