<?xml version="1.0" encoding="UTF-8"?>
<!-- Generated by org.testng.reporters.JUnitReportReporter -->
<testsuite name="technocredits.actionsClassExamples.MouseHoverExample" tests="1" time="42.119" ignored="0" failures="0" timestamp="09 Mar 2022 15:02:38 GMT" skipped="0" hostname="DESKTOP-BOVULBM" errors="0">
  <testcase name="m1" time="42.119" classname="technocredits.actionsClassExamples.MouseHoverExample"/>
</testsuite> <!-- technocredits.actionsClassExamples.MouseHoverExample -->
