<?xml version="1.0" encoding="UTF-8"?>
<!-- Generated by org.testng.reporters.JUnitReportReporter -->
<testsuite name="technocredits.actionsClassExamples.ClickAndHoldExample" tests="1" time="38.812" ignored="0" failures="0" timestamp="09 Mar 2022 16:13:58 GMT" skipped="0" hostname="DESKTOP-BOVULBM" errors="0">
  <testcase name="m1" time="38.812" classname="technocredits.actionsClassExamples.ClickAndHoldExample"/>
</testsuite> <!-- technocredits.actionsClassExamples.ClickAndHoldExample -->
